
Showing logs for build [32mcb-kubecd-environment-pr-575-6-zcmfp-1[0m stage [32mfrom-build-pack[0m and container [32mstep-credential-initializer-ldshr[0m
{"level":"info","ts":1592516447.4799109,"logger":"fallback-logger","caller":"logging/config.go:69","msg":"Fetch GitHub commit ID from kodata failed: open /var/run/ko/refs/heads/0.8.0-ns-support: no such file or directory"}
{"level":"info","ts":1592516447.4824328,"logger":"fallback-logger","caller":"creds-init/main.go:40","msg":"Credentials initialized."}

Showing logs for build [32mcb-kubecd-environment-pr-575-6-zcmfp-1[0m stage [32mfrom-build-pack[0m and container [32mstep-working-dir-initializer-fzrzl[0m
{"level":"info","ts":1592516448.3896935,"logger":"fallback-logger","caller":"logging/config.go:69","msg":"Fetch GitHub commit ID from kodata failed: open /var/run/ko/HEAD: no such file or directory"}
{"level":"info","ts":1592516448.3910992,"logger":"fallback-logger","caller":"bash/main.go:64","msg":"Successfully executed command \"sh -c mkdir -p /workspace/source\"; output "}

Showing logs for build [32mcb-kubecd-environment-pr-575-6-zcmfp-1[0m stage [32mfrom-build-pack[0m and container [32mstep-place-tools[0m

Showing logs for build [32mcb-kubecd-environment-pr-575-6-zcmfp-1[0m stage [32mfrom-build-pack[0m and container [32mstep-git-source-cb-kubecd-environment-pr-575-6-zcmfp-6ghmt[0m
{"level":"info","ts":1592516453.4789767,"logger":"fallback-logger","caller":"logging/config.go:69","msg":"Fetch GitHub commit ID from kodata failed: open /var/run/ko/refs/heads/0.8.0-ns-support: no such file or directory"}
{"level":"info","ts":1592516454.5020826,"logger":"fallback-logger","caller":"git/git.go:103","msg":"Successfully cloned https://github.com/cb-kubecd/environment-pr-575-6-bdd-frontend-staging.git @ master in path /workspace/source"}

Showing logs for build [32mcb-kubecd-environment-pr-575-6-zcmfp-1[0m stage [32mfrom-build-pack[0m and container [32mstep-git-merge[0m
Using SHAs from PULL_REFS=master:55767fb5dd3d2c736c9fd8f57dea55489166a211,1:a384e4f2690093486f5d934fedc7dd4510107b3d
DEBUG: LC_ALL=C JX_LOG_LEVEL=error git fetch origin --unshallow a384e4f2690093486f5d934fedc7dd4510107b3d: 55767fb5dd3d2c736c9fd8f57dea55489166a211:
DEBUG: ran git fetch --unshallow origin a384e4f2690093486f5d934fedc7dd4510107b3d: 55767fb5dd3d2c736c9fd8f57dea55489166a211: in 
DEBUG: LC_ALL=C JX_LOG_LEVEL=error git branch
DEBUG: LC_ALL=C JX_LOG_LEVEL=error git checkout master
DEBUG: ran git checkout master in 
DEBUG: LC_ALL=C JX_LOG_LEVEL=error git reset --hard 55767fb5dd3d2c736c9fd8f57dea55489166a211
DEBUG: ran git reset --hard 55767fb5dd3d2c736c9fd8f57dea55489166a211 in 
DEBUG: LC_ALL=C JX_LOG_LEVEL=error git clean -fd .
DEBUG: ran clean --force -d . in 
DEBUG: LC_ALL=C JX_LOG_LEVEL=error git merge a384e4f2690093486f5d934fedc7dd4510107b3d
DEBUG: ran git merge a384e4f2690093486f5d934fedc7dd4510107b3d in 
DEBUG: LC_ALL=C JX_LOG_LEVEL=error git log --format=%H%x1f%an%x1f%ae%x1f%cn%x1f%ce%x1f%s%n%b%x1e 55767fb5dd3d2c736c9fd8f57dea55489166a211..HEAD
Merged SHA a384e4f2690093486f5d934fedc7dd4510107b3d with commit message 'chore: Promote bdd-nh-1592515499 to version 0.0.1' into base branch master

Showing logs for build [32mcb-kubecd-environment-pr-575-6-zcmfp-1[0m stage [32mfrom-build-pack[0m and container [32mstep-build-helm-build[0m
WARNING: No $CHART_REPOSITORY defined so using the default value of: http://jenkins-x-chartmuseum:8080
Adding missing Helm repo: storage.googleapis.com https://storage.googleapis.com/chartmuseum.jenkins-x.io
WARNING: No secrets found on "helm/repos" due: reading the secret "helm/repos" from vault: no secret "helm/repos" not found in vault
Read credentials for https://storage.googleapis.com/chartmuseum.jenkins-x.io from vault helm/repos
Successfully added Helm repository storage.googleapis.com.
Adding missing Helm repo: jenkins-x-chartmuseum http://jenkins-x-chartmuseum:8080
WARNING: No secrets found on "helm/repos" due: reading the secret "helm/repos" from vault: no secret "helm/repos" not found in vault
Read credentials for http://jenkins-x-chartmuseum:8080 from vault helm/repos
Successfully added Helm repository jenkins-x-chartmuseum.
WARNING: No $CHART_REPOSITORY defined so using the default value of: http://jenkins-x-chartmuseum:8080
Adding missing Helm repo: chartmuseum.jenkins-x.io http://chartmuseum.jenkins-x.io
WARNING: No secrets found on "helm/repos" due: reading the secret "helm/repos" from vault: no secret "helm/repos" not found in vault
Read credentials for http://chartmuseum.jenkins-x.io from vault helm/repos
Successfully added Helm repository chartmuseum.jenkins-x.io.
